Arguments: 
  /home/bertrand/.nvm/versions/node/v19.8.1/bin/node /usr/share/yarn/bin/yarn.js install

PATH: 
  /home/bertrand/.local/bin:/home/bertrand/.nvm/versions/node/v19.8.1/bin:/home/bertrand/.local/bin:/usr/local/sbin:/usr/local/bin:/usr/sbin:/usr/bin:/sbin:/bin:/usr/games:/usr/local/games:/snap/bin:/snap/bin

Yarn version: 
  1.22.19

Node version: 
  19.8.1

Platform: 
  linux x64

Trace: 
  Error: connect ENETUNREACH 2606:4700::6810:1623:443 - Local (:::0)
      at internalConnect (node:net:1081:16)
      at defaultTriggerAsyncIdScope (node:internal/async_hooks:465:18)
      at emitLookup (node:net:1357:9)
      at /usr/share/yarn/lib/cli.js:103587:28
      at /usr/share/yarn/lib/cli.js:103496:13
      at module.exports.RawTask.call (/usr/share/yarn/lib/cli.js:79584:19)
      at flush (/usr/share/yarn/lib/cli.js:79666:29)
      at process.processTicksAndRejections (node:internal/process/task_queues:77:11)

npm manifest: 
  {
    "name": "testreactnative",
    "version": "1.0.0",
    "main": "node_modules/expo/AppEntry.js",
    "scripts": {
      "start": "expo start",
      "android": "expo start --android",
      "ios": "expo start --ios",
      "web": "expo start --web"
    },
    "dependencies": {
      "@expo/webpack-config": "^18.0.1",
      "expo": "~48.0.15",
      "expo-linear-gradient": "~12.1.2",
      "expo-status-bar": "~1.4.4",
      "react": "18.2.0",
      "react-dom": "18.2.0",
      "react-native": "0.71.7",
      "react-native-web": "~0.18.10",
      "react-native-svg": "13.4.0"
    },
    "devDependencies": {
      "@babel/core": "^7.20.0"
    },
    "private": true
  }

yarn manifest: 
  No manifest

Lockfile: 
  No lockfile
